Perltidy version is 20240903

<stdin>: Begin Error Output Stream

There is no previous '[' to match a ']' on line 66
66: ... per week.  If [$x0] meals cost $[$y0] and [$x1] meals cost $[$y1 ...
                                            ^

There is no previous '[' to match a ']' on line 66
66: ... st $[$y0] and [$x1] meals cost $[$y1] , answer the following que ...
                                            ^

There is no previous '(' to match a ')' on line 68
68: a) Write a formula for the cost of a meal plan, _C_, in terms of ...
     ^

68: a) Write a formula for the cost of a meal plan, _C_, in terms of ...
     - ^
found bareword where operator expected (previous token underlined)

There is no previous '(' to match a ')' on line 72
72: b) What is the membership fee?  $[_]{$b}
     ^

72: b) What is the membership fee?  $[_]{$b}
     - ^
found bareword where operator expected (previous token underlined)

72: b) What is the membership fee?  $[_]{$b}
                                    --^
found bareword where operator expected (previous token underlined)

There is no previous '[' to match a ']' on line 72
72: b) What is the membership fee?  $[_]{$b}
                                       ^

74: c) What is the price per meal?   $[_]{$m} per meal
    ^
found bareword where operator expected

Missing ';' or ',' above?

There is no previous '(' to match a ')' on line 74
74: c) What is the price per meal?   $[_]{$m} per meal
     ^

74: c) What is the price per meal?   $[_]{$m} per meal
     - ^
found bareword where operator expected (previous token underlined)

74: c) What is the price per meal?   $[_]{$m} per meal
                                     --^
found bareword where operator expected (previous token underlined)
No further warnings will be given
