Perltidy version is 20240903

<stdin>: Begin Error Output Stream

42: [``` E(x) = m x + b ```]
     --^
found String where operator expected (previous token underlined)

42: [``` E(x) = m x + b ```]
       ------------------^
found String where operator expected (previous token underlined)

47: [``` m = \frac{[$eb]-[$ea]}{[$x2]-0} = [$m] ```]
     --^
found String where operator expected (previous token underlined)

47: [``` m = \frac{[$eb]-[$ea]}{[$x2]-0} = [$m] ```]
         ----------------------------------------^
found String where operator expected (previous token underlined)

50: [``` E(x) = [$m] x + [$ea] ```]
     --^
found String where operator expected (previous token underlined)

50: [``` E(x) = [$m] x + [$ea] ```]
       -------------------------^
found String where operator expected (previous token underlined)
