Perltidy version is 20240903

<stdin>: Begin Error Output Stream
33: Use of bare << to mean <<"" is deprecated

35: Stackable polystyrene cups have a height
    ^
found bareword where operator expected

Missing ';' or ',' above?

38: * Two stacked cups have a height of [` h_{2} = [$hc2] `] cm.
    ----- ^
found bareword where operator expected (previous token underlined)

39: * Three stacked cups have a height of [` h_{3} = [$hc3] `] cm.
    ------- ^
found bareword where operator expected (previous token underlined)

There is no previous '(' to match a ')' on line 41
41: a) Find the linear model for the height, where [`x`] is the numb ...
     ^

41: a) Find the linear model for the height, where [`x`] is the numb ...
     - ^
found bareword where operator expected (previous token underlined)

There is no previous '(' to match a ')' on line 44
44: b) If your friend is [` [$c] `]cm tall, how many complete cups y ...
     ^

44: b) If your friend is [` [$c] `]cm tall, how many complete cups y ...
     - ^
found bareword where operator expected (previous token underlined)

There is no previous '(' to match a ')' on line 52
52: a) First, find the linear model for the height. This will be [`  ...
     ^

52: a) First, find the linear model for the height. This will be [`  ...
     - ^
found bareword where operator expected (previous token underlined)

There is no previous '(' to match a ')' on line 59
59: b) In this case, we will substitute [` h(x) = [$c]`] and solve f ...
     ^
68: final indentation level: 1

Final nesting depth of '['s is 1
The most recent un-matched '[' is on line 66
66: [@ PGML($solb) @]*
    ^
68: To save a full .LOG file rerun with -g
