Perltidy version is 20240903

<stdin>: Begin Error Output Stream

47: The population of a town in 1920 was [$b] people.
                                ---- ^
found bareword where operator expected (previous token underlined)

61: of [``` m = \frac{ [$c] - [$b] }{[$dt] - 0} = -[$m]. ```]
        --^
found String where operator expected (previous token underlined)

61: of [``` m = \frac{ [$c] - [$b] }{[$dt] - 0} = -[$m]. ```]
                  ----------------------------------------^
found String where operator expected (previous token underlined)

64: population in 1920 (when [`t = 0`]), [`b = [$b]`].  The formula  ...
                  ---- ^
found ( where operator expected (previous token underlined)

65: [``` P(t) = [$b] - [$m] t ```]
     --^
found String where operator expected (previous token underlined)

65: [``` P(t) = [$b] - [$m] t ```]
       ------------------------^
found String where operator expected (previous token underlined)
