2001.06.07 11:33 B C:\temp2\OSU\templates\proj1\html\images\49759img1.gif <-- webwork /ww/webwork/courses/courses1/OSU-math152/templates/proj1/html/images 49759img1.gif
2001.06.07 11:33 B C:\temp2\OSU\templates\proj1\html\images\49759img10.gif <-- webwork /ww/webwork/courses/courses1/OSU-math152/templates/proj1/html/images 49759img10.gif
2001.06.07 11:33 B C:\temp2\OSU\templates\proj1\html\images\49759img11.gif <-- webwork /ww/webwork/courses/courses1/OSU-math152/templates/proj1/html/images 49759img11.gif
2001.06.07 11:33 B C:\temp2\OSU\templates\proj1\html\images\49759img12.gif <-- webwork /ww/webwork/courses/courses1/OSU-math152/templates/proj1/html/images 49759img12.gif
2001.06.07 11:33 B C:\temp2\OSU\templates\proj1\html\images\49759img13.gif <-- webwork /ww/webwork/courses/courses1/OSU-math152/templates/proj1/html/images 49759img13.gif
2001.06.07 11:33 B C:\temp2\OSU\templates\proj1\html\images\49759img14.gif <-- webwork /ww/webwork/courses/courses1/OSU-math152/templates/proj1/html/images 49759img14.gif
2001.06.07 11:33 B C:\temp2\OSU\templates\proj1\html\images\49759img15.gif <-- webwork /ww/webwork/courses/courses1/OSU-math152/templates/proj1/html/images 49759img15.gif
2001.06.07 11:33 B C:\temp2\OSU\templates\proj1\html\images\49759img2.gif <-- webwork /ww/webwork/courses/courses1/OSU-math152/templates/proj1/html/images 49759img2.gif
2001.06.07 11:33 B C:\temp2\OSU\templates\proj1\html\images\49759img3.gif <-- webwork /ww/webwork/courses/courses1/OSU-math152/templates/proj1/html/images 49759img3.gif
2001.06.07 11:33 B C:\temp2\OSU\templates\proj1\html\images\49759img4.gif <-- webwork /ww/webwork/courses/courses1/OSU-math152/templates/proj1/html/images 49759img4.gif
2001.06.07 11:33 B C:\temp2\OSU\templates\proj1\html\images\49759img5.gif <-- webwork /ww/webwork/courses/courses1/OSU-math152/templates/proj1/html/images 49759img5.gif
2001.06.07 11:33 B C:\temp2\OSU\templates\proj1\html\images\49759img6.gif <-- webwork /ww/webwork/courses/courses1/OSU-math152/templates/proj1/html/images 49759img6.gif
2001.06.07 11:33 B C:\temp2\OSU\templates\proj1\html\images\49759img7.gif <-- webwork /ww/webwork/courses/courses1/OSU-math152/templates/proj1/html/images 49759img7.gif
2001.06.07 11:33 B C:\temp2\OSU\templates\proj1\html\images\49759img8.gif <-- webwork /ww/webwork/courses/courses1/OSU-math152/templates/proj1/html/images 49759img8.gif
2001.06.07 11:33 B C:\temp2\OSU\templates\proj1\html\images\49759img9.gif <-- webwork /ww/webwork/courses/courses1/OSU-math152/templates/proj1/html/images 49759img9.gif
2001.06.07 11:33 B C:\temp2\OSU\templates\proj1\html\images\area.gif <-- webwork /ww/webwork/courses/courses1/OSU-math152/templates/proj1/html/images area.gif
2001.06.07 11:33 B C:\temp2\OSU\templates\proj1\html\images\chart.gif <-- webwork /ww/webwork/courses/courses1/OSU-math152/templates/proj1/html/images chart.gif
2001.06.07 11:33 B C:\temp2\OSU\templates\proj1\html\images\chartw1.gif <-- webwork /ww/webwork/courses/courses1/OSU-math152/templates/proj1/html/images chartw1.gif
2001.06.07 11:33 B C:\temp2\OSU\templates\proj1\html\images\chartw2.gif <-- webwork /ww/webwork/courses/courses1/OSU-math152/templates/proj1/html/images chartw2.gif
2001.06.07 11:33 B C:\temp2\OSU\templates\proj1\html\images\chartw3.gif <-- webwork /ww/webwork/courses/courses1/OSU-math152/templates/proj1/html/images chartw3.gif
2001.06.07 11:33 B C:\temp2\OSU\templates\proj1\html\images\chartw4.gif <-- webwork /ww/webwork/courses/courses1/OSU-math152/templates/proj1/html/images chartw4.gif
2001.06.07 11:33 B C:\temp2\OSU\templates\proj1\html\images\delx.gif <-- webwork /ww/webwork/courses/courses1/OSU-math152/templates/proj1/html/images delx.gif
2001.06.07 11:33 B C:\temp2\OSU\templates\proj1\html\images\fx.gif <-- webwork /ww/webwork/courses/courses1/OSU-math152/templates/proj1/html/images fx.gif
2001.06.07 11:33 B C:\temp2\OSU\templates\proj1\html\images\ndelx.gif <-- webwork /ww/webwork/courses/courses1/OSU-math152/templates/proj1/html/images ndelx.gif
2001.06.07 11:33 B C:\temp2\OSU\templates\proj1\html\images\options.gif <-- webwork /ww/webwork/courses/courses1/OSU-math152/templates/proj1/html/images options.gif
2001.06.07 11:33 B C:\temp2\OSU\templates\proj1\html\images\paspec.gif <-- webwork /ww/webwork/courses/courses1/OSU-math152/templates/proj1/html/images paspec.gif
2001.06.07 11:33 B C:\temp2\OSU\templates\proj1\html\images\paspec0.gif <-- webwork /ww/webwork/courses/courses1/OSU-math152/templates/proj1/html/images paspec0.gif
2001.06.07 11:33 B C:\temp2\OSU\templates\proj1\html\images\pdelx.gif <-- webwork /ww/webwork/courses/courses1/OSU-math152/templates/proj1/html/images pdelx.gif
2001.06.07 11:33 B C:\temp2\OSU\templates\proj1\html\images\sort.gif <-- webwork /ww/webwork/courses/courses1/OSU-math152/templates/proj1/html/images sort.gif
2001.06.07 11:33 B C:\temp2\OSU\templates\proj1\html\images\square_webwork.gif <-- webwork /ww/webwork/courses/courses1/OSU-math152/templates/proj1/html/images square_webwork.gif
2001.06.07 11:33 B C:\temp2\OSU\templates\proj1\html\images\ww_feedback.gif <-- webwork /ww/webwork/courses/courses1/OSU-math152/templates/proj1/html/images ww_feedback.gif
2001.06.07 11:33 B C:\temp2\OSU\templates\proj1\html\images\ww_help.gif <-- webwork /ww/webwork/courses/courses1/OSU-math152/templates/proj1/html/images ww_help.gif
2001.06.07 11:33 B C:\temp2\OSU\templates\proj1\html\images\ww_logout.gif <-- webwork /ww/webwork/courses/courses1/OSU-math152/templates/proj1/html/images ww_logout.gif
2001.06.07 11:33 B C:\temp2\OSU\templates\proj1\html\images\ww_prev.gif <-- webwork /ww/webwork/courses/courses1/OSU-math152/templates/proj1/html/images ww_prev.gif
2001.06.07 11:33 B C:\temp2\OSU\templates\proj1\html\images\ww_problist.gif <-- webwork /ww/webwork/courses/courses1/OSU-math152/templates/proj1/html/images ww_problist.gif
2001.06.07 11:33 B C:\temp2\OSU\templates\proj1\html\images\x.gif <-- webwork /ww/webwork/courses/courses1/OSU-math152/templates/proj1/html/images x.gif
2001.06.07 11:33 B C:\temp2\OSU\templates\proj1\html\images\xcos.gif <-- webwork /ww/webwork/courses/courses1/OSU-math152/templates/proj1/html/images xcos.gif
2001.06.07 11:33 B C:\temp2\OSU\templates\proj1\html\images\xmid.gif <-- webwork /ww/webwork/courses/courses1/OSU-math152/templates/proj1/html/images xmid.gif
2001.06.07 11:46 B C:\temp2\OSU\templates\proj1\html\images\49759img1.gif --> webwork.math.rochester.edu /ww/webwork/courses/courses1/OSU-math152/templates/proj1/html/images 49759img1.gif
2001.06.07 11:46 B C:\temp2\OSU\templates\proj1\html\images\49759img10.gif --> webwork.math.rochester.edu /ww/webwork/courses/courses1/OSU-math152/templates/proj1/html/images 49759img10.gif
2001.06.07 11:46 B C:\temp2\OSU\templates\proj1\html\images\49759img11.gif --> webwork.math.rochester.edu /ww/webwork/courses/courses1/OSU-math152/templates/proj1/html/images 49759img11.gif
2001.06.07 11:46 B C:\temp2\OSU\templates\proj1\html\images\49759img12.gif --> webwork.math.rochester.edu /ww/webwork/courses/courses1/OSU-math152/templates/proj1/html/images 49759img12.gif
2001.06.07 11:46 B C:\temp2\OSU\templates\proj1\html\images\49759img13.gif --> webwork.math.rochester.edu /ww/webwork/courses/courses1/OSU-math152/templates/proj1/html/images 49759img13.gif
2001.06.07 11:46 B C:\temp2\OSU\templates\proj1\html\images\49759img14.gif --> webwork.math.rochester.edu /ww/webwork/courses/courses1/OSU-math152/templates/proj1/html/images 49759img14.gif
2001.06.07 11:46 B C:\temp2\OSU\templates\proj1\html\images\49759img15.gif --> webwork.math.rochester.edu /ww/webwork/courses/courses1/OSU-math152/templates/proj1/html/images 49759img15.gif
2001.06.07 11:46 B C:\temp2\OSU\templates\proj1\html\images\49759img2.gif --> webwork.math.rochester.edu /ww/webwork/courses/courses1/OSU-math152/templates/proj1/html/images 49759img2.gif
2001.06.07 11:46 B C:\temp2\OSU\templates\proj1\html\images\49759img3.gif --> webwork.math.rochester.edu /ww/webwork/courses/courses1/OSU-math152/templates/proj1/html/images 49759img3.gif
2001.06.07 11:46 B C:\temp2\OSU\templates\proj1\html\images\49759img4.gif --> webwork.math.rochester.edu /ww/webwork/courses/courses1/OSU-math152/templates/proj1/html/images 49759img4.gif
2001.06.07 11:46 B C:\temp2\OSU\templates\proj1\html\images\49759img5.gif --> webwork.math.rochester.edu /ww/webwork/courses/courses1/OSU-math152/templates/proj1/html/images 49759img5.gif
2001.06.07 11:47 B C:\temp2\OSU\templates\proj1\html\images\49759img6.gif --> webwork.math.rochester.edu /ww/webwork/courses/courses1/OSU-math152/templates/proj1/html/images 49759img6.gif
2001.06.07 11:49 B C:\temp2\OSU\templates\proj1\html\images\49759img1.gif --> webwork.math.rochester.edu /ww/webwork/courses/courses1/OSU-math152/templates/proj1/html/images 49759img1.gif
2001.06.07 11:49 B C:\temp2\OSU\templates\proj1\html\images\49759img10.gif --> webwork.math.rochester.edu /ww/webwork/courses/courses1/OSU-math152/templates/proj1/html/images 49759img10.gif
2001.06.07 11:49 B C:\temp2\OSU\templates\proj1\html\images\49759img11.gif --> webwork.math.rochester.edu /ww/webwork/courses/courses1/OSU-math152/templates/proj1/html/images 49759img11.gif
2001.06.07 11:50 B C:\temp2\OSU\templates\proj1\html\images\49759img12.gif --> webwork.math.rochester.edu /ww/webwork/courses/courses1/OSU-math152/templates/proj1/html/images 49759img12.gif
2001.06.07 11:50 B C:\temp2\OSU\templates\proj1\html\images\49759img13.gif --> webwork.math.rochester.edu /ww/webwork/courses/courses1/OSU-math152/templates/proj1/html/images 49759img13.gif
2001.06.07 11:50 B C:\temp2\OSU\templates\proj1\html\images\49759img14.gif --> webwork.math.rochester.edu /ww/webwork/courses/courses1/OSU-math152/templates/proj1/html/images 49759img14.gif
2001.06.07 11:50 B C:\temp2\OSU\templates\proj1\html\images\49759img15.gif --> webwork.math.rochester.edu /ww/webwork/courses/courses1/OSU-math152/templates/proj1/html/images 49759img15.gif
2001.06.07 11:50 B C:\temp2\OSU\templates\proj1\html\images\49759img2.gif --> webwork.math.rochester.edu /ww/webwork/courses/courses1/OSU-math152/templates/proj1/html/images 49759img2.gif
2001.06.07 11:50 B C:\temp2\OSU\templates\proj1\html\images\49759img3.gif --> webwork.math.rochester.edu /ww/webwork/courses/courses1/OSU-math152/templates/proj1/html/images 49759img3.gif
2001.06.07 11:50 B C:\temp2\OSU\templates\proj1\html\images\49759img4.gif --> webwork.math.rochester.edu /ww/webwork/courses/courses1/OSU-math152/templates/proj1/html/images 49759img4.gif
2001.06.07 11:50 B C:\temp2\OSU\templates\proj1\html\images\49759img5.gif --> webwork.math.rochester.edu /ww/webwork/courses/courses1/OSU-math152/templates/proj1/html/images 49759img5.gif
2001.06.07 11:50 B C:\temp2\OSU\templates\proj1\html\images\49759img6.gif --> webwork.math.rochester.edu /ww/webwork/courses/courses1/OSU-math152/templates/proj1/html/images 49759img6.gif
2001.06.07 11:50 B C:\temp2\OSU\templates\proj1\html\images\49759img7.gif --> webwork.math.rochester.edu /ww/webwork/courses/courses1/OSU-math152/templates/proj1/html/images 49759img7.gif
2001.06.07 11:50 B C:\temp2\OSU\templates\proj1\html\images\49759img8.gif --> webwork.math.rochester.edu /ww/webwork/courses/courses1/OSU-math152/templates/proj1/html/images 49759img8.gif
2001.06.07 11:50 B C:\temp2\OSU\templates\proj1\html\images\49759img9.gif --> webwork.math.rochester.edu /ww/webwork/courses/courses1/OSU-math152/templates/proj1/html/images 49759img9.gif
2001.06.07 11:50 B C:\temp2\OSU\templates\proj1\html\images\area.gif --> webwork.math.rochester.edu /ww/webwork/courses/courses1/OSU-math152/templates/proj1/html/images area.gif
2001.06.07 11:50 B C:\temp2\OSU\templates\proj1\html\images\chart.gif --> webwork.math.rochester.edu /ww/webwork/courses/courses1/OSU-math152/templates/proj1/html/images chart.gif
2001.06.07 11:50 B C:\temp2\OSU\templates\proj1\html\images\chartw1.gif --> webwork.math.rochester.edu /ww/webwork/courses/courses1/OSU-math152/templates/proj1/html/images chartw1.gif
2001.06.07 11:50 B C:\temp2\OSU\templates\proj1\html\images\chartw2.gif --> webwork.math.rochester.edu /ww/webwork/courses/courses1/OSU-math152/templates/proj1/html/images chartw2.gif
2001.06.07 11:50 B C:\temp2\OSU\templates\proj1\html\images\chartw3.gif --> webwork.math.rochester.edu /ww/webwork/courses/courses1/OSU-math152/templates/proj1/html/images chartw3.gif
2001.06.07 11:50 B C:\temp2\OSU\templates\proj1\html\images\chartw4.gif --> webwork.math.rochester.edu /ww/webwork/courses/courses1/OSU-math152/templates/proj1/html/images chartw4.gif
2001.06.07 11:50 B C:\temp2\OSU\templates\proj1\html\images\delx.gif --> webwork.math.rochester.edu /ww/webwork/courses/courses1/OSU-math152/templates/proj1/html/images delx.gif
2001.06.07 11:50 B C:\temp2\OSU\templates\proj1\html\images\fx.gif --> webwork.math.rochester.edu /ww/webwork/courses/courses1/OSU-math152/templates/proj1/html/images fx.gif
2001.06.07 11:50 B C:\temp2\OSU\templates\proj1\html\images\ndelx.gif --> webwork.math.rochester.edu /ww/webwork/courses/courses1/OSU-math152/templates/proj1/html/images ndelx.gif
2001.06.07 11:50 B C:\temp2\OSU\templates\proj1\html\images\options.gif --> webwork.math.rochester.edu /ww/webwork/courses/courses1/OSU-math152/templates/proj1/html/images options.gif
2001.06.07 11:50 B C:\temp2\OSU\templates\proj1\html\images\paspec.gif --> webwork.math.rochester.edu /ww/webwork/courses/courses1/OSU-math152/templates/proj1/html/images paspec.gif
2001.06.07 11:50 B C:\temp2\OSU\templates\proj1\html\images\paspec0.gif --> webwork.math.rochester.edu /ww/webwork/courses/courses1/OSU-math152/templates/proj1/html/images paspec0.gif
2001.06.07 11:50 B C:\temp2\OSU\templates\proj1\html\images\pdelx.gif --> webwork.math.rochester.edu /ww/webwork/courses/courses1/OSU-math152/templates/proj1/html/images pdelx.gif
2001.06.07 11:50 B C:\temp2\OSU\templates\proj1\html\images\sort.gif --> webwork.math.rochester.edu /ww/webwork/courses/courses1/OSU-math152/templates/proj1/html/images sort.gif
2001.06.07 11:50 B C:\temp2\OSU\templates\proj1\html\images\square_webwork.gif --> webwork.math.rochester.edu /ww/webwork/courses/courses1/OSU-math152/templates/proj1/html/images square_webwork.gif
2001.06.07 11:50 B C:\temp2\OSU\templates\proj1\html\images\WS_FTP.LOG --> webwork.math.rochester.edu /ww/webwork/courses/courses1/OSU-math152/templates/proj1/html/images WS_FTP.LOG
2001.06.07 11:50 B C:\temp2\OSU\templates\proj1\html\images\ww_feedback.gif --> webwork.math.rochester.edu /ww/webwork/courses/courses1/OSU-math152/templates/proj1/html/images ww_feedback.gif
2001.06.07 11:50 B C:\temp2\OSU\templates\proj1\html\images\ww_help.gif --> webwork.math.rochester.edu /ww/webwork/courses/courses1/OSU-math152/templates/proj1/html/images ww_help.gif
2001.06.07 11:50 B C:\temp2\OSU\templates\proj1\html\images\ww_logout.gif --> webwork.math.rochester.edu /ww/webwork/courses/courses1/OSU-math152/templates/proj1/html/images ww_logout.gif
2001.06.07 11:50 B C:\temp2\OSU\templates\proj1\html\images\ww_prev.gif --> webwork.math.rochester.edu /ww/webwork/courses/courses1/OSU-math152/templates/proj1/html/images ww_prev.gif
2001.06.07 11:50 B C:\temp2\OSU\templates\proj1\html\images\ww_problist.gif --> webwork.math.rochester.edu /ww/webwork/courses/courses1/OSU-math152/templates/proj1/html/images ww_problist.gif
2001.06.07 11:50 B C:\temp2\OSU\templates\proj1\html\images\x.gif --> webwork.math.rochester.edu /ww/webwork/courses/courses1/OSU-math152/templates/proj1/html/images x.gif
2001.06.07 11:50 B C:\temp2\OSU\templates\proj1\html\images\xcos.gif --> webwork.math.rochester.edu /ww/webwork/courses/courses1/OSU-math152/templates/proj1/html/images xcos.gif
2001.06.07 11:50 B C:\temp2\OSU\templates\proj1\html\images\xmid.gif --> webwork.math.rochester.edu /ww/webwork/courses/courses1/OSU-math152/templates/proj1/html/images xmid.gif
2001.06.07 12:00 B C:\temp2\OSU\templates\proj1\html\images\49759img1.gif --> webwork.math.rochester.edu /ww/webwork/courses/courses1/OSU-math152/templates/proj1/html/images 49759img1.gif
2001.06.07 12:00 B C:\temp2\OSU\templates\proj1\html\images\49759img10.gif --> webwork.math.rochester.edu /ww/webwork/courses/courses1/OSU-math152/templates/proj1/html/images 49759img10.gif
2001.06.07 12:00 B C:\temp2\OSU\templates\proj1\html\images\49759img11.gif --> webwork.math.rochester.edu /ww/webwork/courses/courses1/OSU-math152/templates/proj1/html/images 49759img11.gif
2001.06.07 12:00 B C:\temp2\OSU\templates\proj1\html\images\49759img12.gif --> webwork.math.rochester.edu /ww/webwork/courses/courses1/OSU-math152/templates/proj1/html/images 49759img12.gif
2001.06.07 12:00 B C:\temp2\OSU\templates\proj1\html\images\49759img13.gif --> webwork.math.rochester.edu /ww/webwork/courses/courses1/OSU-math152/templates/proj1/html/images 49759img13.gif
2001.06.07 12:00 B C:\temp2\OSU\templates\proj1\html\images\49759img14.gif --> webwork.math.rochester.edu /ww/webwork/courses/courses1/OSU-math152/templates/proj1/html/images 49759img14.gif
2001.06.07 12:00 B C:\temp2\OSU\templates\proj1\html\images\49759img15.gif --> webwork.math.rochester.edu /ww/webwork/courses/courses1/OSU-math152/templates/proj1/html/images 49759img15.gif
2001.06.07 12:00 B C:\temp2\OSU\templates\proj1\html\images\49759img2.gif --> webwork.math.rochester.edu /ww/webwork/courses/courses1/OSU-math152/templates/proj1/html/images 49759img2.gif
2001.06.07 12:00 B C:\temp2\OSU\templates\proj1\html\images\49759img3.gif --> webwork.math.rochester.edu /ww/webwork/courses/courses1/OSU-math152/templates/proj1/html/images 49759img3.gif
2001.06.07 12:00 B C:\temp2\OSU\templates\proj1\html\images\49759img4.gif --> webwork.math.rochester.edu /ww/webwork/courses/courses1/OSU-math152/templates/proj1/html/images 49759img4.gif
2001.06.07 12:00 B C:\temp2\OSU\templates\proj1\html\images\49759img5.gif --> webwork.math.rochester.edu /ww/webwork/courses/courses1/OSU-math152/templates/proj1/html/images 49759img5.gif
2001.06.07 12:00 B C:\temp2\OSU\templates\proj1\html\images\49759img6.gif --> webwork.math.rochester.edu /ww/webwork/courses/courses1/OSU-math152/templates/proj1/html/images 49759img6.gif
2001.06.07 12:00 B C:\temp2\OSU\templates\proj1\html\images\49759img7.gif --> webwork.math.rochester.edu /ww/webwork/courses/courses1/OSU-math152/templates/proj1/html/images 49759img7.gif
2001.06.07 12:00 B C:\temp2\OSU\templates\proj1\html\images\49759img8.gif --> webwork.math.rochester.edu /ww/webwork/courses/courses1/OSU-math152/templates/proj1/html/images 49759img8.gif
2001.06.07 12:00 B C:\temp2\OSU\templates\proj1\html\images\49759img9.gif --> webwork.math.rochester.edu /ww/webwork/courses/courses1/OSU-math152/templates/proj1/html/images 49759img9.gif
2001.06.07 12:00 B C:\temp2\OSU\templates\proj1\html\images\area.gif --> webwork.math.rochester.edu /ww/webwork/courses/courses1/OSU-math152/templates/proj1/html/images area.gif
2001.06.07 12:00 B C:\temp2\OSU\templates\proj1\html\images\chart.gif --> webwork.math.rochester.edu /ww/webwork/courses/courses1/OSU-math152/templates/proj1/html/images chart.gif
2001.06.07 12:00 B C:\temp2\OSU\templates\proj1\html\images\chartw1.gif --> webwork.math.rochester.edu /ww/webwork/courses/courses1/OSU-math152/templates/proj1/html/images chartw1.gif
2001.06.07 12:00 B C:\temp2\OSU\templates\proj1\html\images\chartw2.gif --> webwork.math.rochester.edu /ww/webwork/courses/courses1/OSU-math152/templates/proj1/html/images chartw2.gif
2001.06.07 12:00 B C:\temp2\OSU\templates\proj1\html\images\chartw3.gif --> webwork.math.rochester.edu /ww/webwork/courses/courses1/OSU-math152/templates/proj1/html/images chartw3.gif
2001.06.07 12:00 B C:\temp2\OSU\templates\proj1\html\images\chartw4.gif --> webwork.math.rochester.edu /ww/webwork/courses/courses1/OSU-math152/templates/proj1/html/images chartw4.gif
2001.06.07 12:00 B C:\temp2\OSU\templates\proj1\html\images\delx.gif --> webwork.math.rochester.edu /ww/webwork/courses/courses1/OSU-math152/templates/proj1/html/images delx.gif
2001.06.07 12:00 B C:\temp2\OSU\templates\proj1\html\images\fx.gif --> webwork.math.rochester.edu /ww/webwork/courses/courses1/OSU-math152/templates/proj1/html/images fx.gif
2001.06.07 12:00 B C:\temp2\OSU\templates\proj1\html\images\ndelx.gif --> webwork.math.rochester.edu /ww/webwork/courses/courses1/OSU-math152/templates/proj1/html/images ndelx.gif
2001.06.07 12:00 B C:\temp2\OSU\templates\proj1\html\images\options.gif --> webwork.math.rochester.edu /ww/webwork/courses/courses1/OSU-math152/templates/proj1/html/images options.gif
2001.06.07 12:00 B C:\temp2\OSU\templates\proj1\html\images\paspec.gif --> webwork.math.rochester.edu /ww/webwork/courses/courses1/OSU-math152/templates/proj1/html/images paspec.gif
2001.06.07 12:00 B C:\temp2\OSU\templates\proj1\html\images\paspec0.gif --> webwork.math.rochester.edu /ww/webwork/courses/courses1/OSU-math152/templates/proj1/html/images paspec0.gif
2001.06.07 12:00 B C:\temp2\OSU\templates\proj1\html\images\pdelx.gif --> webwork.math.rochester.edu /ww/webwork/courses/courses1/OSU-math152/templates/proj1/html/images pdelx.gif
2001.06.07 12:00 B C:\temp2\OSU\templates\proj1\html\images\sort.gif --> webwork.math.rochester.edu /ww/webwork/courses/courses1/OSU-math152/templates/proj1/html/images sort.gif
2001.06.07 12:00 B C:\temp2\OSU\templates\proj1\html\images\square_webwork.gif --> webwork.math.rochester.edu /ww/webwork/courses/courses1/OSU-math152/templates/proj1/html/images square_webwork.gif
