2001.06.07 11:33 B C:\temp2\OSU\templates\proj3\paperHeaderFile.pg <-- webwork /ww/webwork/courses/courses1/OSU-math152/templates/proj3 paperHeaderFile.pg
2001.06.07 11:33 B C:\temp2\OSU\templates\proj3\prob1.pg <-- webwork /ww/webwork/courses/courses1/OSU-math152/templates/proj3 prob1.pg
2001.06.07 11:33 B C:\temp2\OSU\templates\proj3\prob2.pg <-- webwork /ww/webwork/courses/courses1/OSU-math152/templates/proj3 prob2.pg
2001.06.07 11:33 B C:\temp2\OSU\templates\proj3\prob3.pg <-- webwork /ww/webwork/courses/courses1/OSU-math152/templates/proj3 prob3.pg
2001.06.07 11:33 B C:\temp2\OSU\templates\proj3\prob4.pg <-- webwork /ww/webwork/courses/courses1/OSU-math152/templates/proj3 prob4.pg
2001.06.07 11:33 B C:\temp2\OSU\templates\proj3\prob5.pg <-- webwork /ww/webwork/courses/courses1/OSU-math152/templates/proj3 prob5.pg
2001.06.07 11:33 B C:\temp2\OSU\templates\proj3\prob6.pg <-- webwork /ww/webwork/courses/courses1/OSU-math152/templates/proj3 prob6.pg
2001.06.07 11:33 B C:\temp2\OSU\templates\proj3\pursuit.gif <-- webwork /ww/webwork/courses/courses1/OSU-math152/templates/proj3 pursuit.gif
2001.06.07 11:33 B C:\temp2\OSU\templates\proj3\screenHeaderFile.pg <-- webwork /ww/webwork/courses/courses1/OSU-math152/templates/proj3 screenHeaderFile.pg
2001.06.07 11:50 B C:\temp2\OSU\templates\proj3\paperHeaderFile.pg --> webwork.math.rochester.edu /ww/webwork/courses/courses1/OSU-math152/templates/proj3 paperHeaderFile.pg
2001.06.07 11:50 B C:\temp2\OSU\templates\proj3\prob1.pg --> webwork.math.rochester.edu /ww/webwork/courses/courses1/OSU-math152/templates/proj3 prob1.pg
2001.06.07 11:50 B C:\temp2\OSU\templates\proj3\prob2.pg --> webwork.math.rochester.edu /ww/webwork/courses/courses1/OSU-math152/templates/proj3 prob2.pg
2001.06.07 11:50 B C:\temp2\OSU\templates\proj3\prob3.pg --> webwork.math.rochester.edu /ww/webwork/courses/courses1/OSU-math152/templates/proj3 prob3.pg
2001.06.07 11:50 B C:\temp2\OSU\templates\proj3\prob4.pg --> webwork.math.rochester.edu /ww/webwork/courses/courses1/OSU-math152/templates/proj3 prob4.pg
2001.06.07 11:50 B C:\temp2\OSU\templates\proj3\prob5.pg --> webwork.math.rochester.edu /ww/webwork/courses/courses1/OSU-math152/templates/proj3 prob5.pg
2001.06.07 11:50 B C:\temp2\OSU\templates\proj3\prob6.pg --> webwork.math.rochester.edu /ww/webwork/courses/courses1/OSU-math152/templates/proj3 prob6.pg
2001.06.07 11:50 B C:\temp2\OSU\templates\proj3\pursuit.gif --> webwork.math.rochester.edu /ww/webwork/courses/courses1/OSU-math152/templates/proj3 pursuit.gif
2001.06.07 11:50 B C:\temp2\OSU\templates\proj3\screenHeaderFile.pg --> webwork.math.rochester.edu /ww/webwork/courses/courses1/OSU-math152/templates/proj3 screenHeaderFile.pg
2001.06.07 11:50 B C:\temp2\OSU\templates\proj3\WS_FTP.LOG --> webwork.math.rochester.edu /ww/webwork/courses/courses1/OSU-math152/templates/proj3 WS_FTP.LOG
2001.06.07 12:00 B C:\temp2\OSU\templates\proj3\paperHeaderFile.pg --> webwork.math.rochester.edu /ww/webwork/courses/courses1/OSU-math152/templates/proj3 paperHeaderFile.pg
2001.06.07 12:00 B C:\temp2\OSU\templates\proj3\prob1.pg --> webwork.math.rochester.edu /ww/webwork/courses/courses1/OSU-math152/templates/proj3 prob1.pg
2001.06.07 12:00 B C:\temp2\OSU\templates\proj3\prob2.pg --> webwork.math.rochester.edu /ww/webwork/courses/courses1/OSU-math152/templates/proj3 prob2.pg
2001.06.07 12:00 B C:\temp2\OSU\templates\proj3\prob3.pg --> webwork.math.rochester.edu /ww/webwork/courses/courses1/OSU-math152/templates/proj3 prob3.pg
2001.06.07 12:00 B C:\temp2\OSU\templates\proj3\prob4.pg --> webwork.math.rochester.edu /ww/webwork/courses/courses1/OSU-math152/templates/proj3 prob4.pg
2001.06.07 12:00 B C:\temp2\OSU\templates\proj3\prob5.pg --> webwork.math.rochester.edu /ww/webwork/courses/courses1/OSU-math152/templates/proj3 prob5.pg
2001.06.07 12:00 B C:\temp2\OSU\templates\proj3\prob6.pg --> webwork.math.rochester.edu /ww/webwork/courses/courses1/OSU-math152/templates/proj3 prob6.pg
2001.06.07 12:00 B C:\temp2\OSU\templates\proj3\pursuit.gif --> webwork.math.rochester.edu /ww/webwork/courses/courses1/OSU-math152/templates/proj3 pursuit.gif
2001.06.07 12:00 B C:\temp2\OSU\templates\proj3\screenHeaderFile.pg --> webwork.math.rochester.edu /ww/webwork/courses/courses1/OSU-math152/templates/proj3 screenHeaderFile.pg
