Perltidy version is 20240903

<stdin>: Begin Error Output Stream

23: Note: include the units and provide at least 3 digits of precisi ...
                                                 - ^
found bareword where operator expected (previous token underlined)

23: ... least 3 digits of precision.  Use 1 knot is 1.151 miles per hour ...
                                          - ^
found bareword where operator expected (previous token underlined)

23: ...  of precision.  Use 1 knot is 1.151 miles per hour.
                                      ----- ^
found bareword where operator expected (previous token underlined)

31: [``` [@ Round($speed_mph,3) @] \;\text{mph} \cdot \frac{1\; \tex ...
     --^
found String where operator expected (previous token underlined)

32: [$speed] ```]
              ^
found String where operator expected

Final nesting depth of '?'s is 1
The most recent un-matched '?' is on line 21
21: ... s [$p->their] average speed in knots? [__]{$speed}
                                            ^
34: To save a full .LOG file rerun with -g
