2001.06.07 11:32 B C:\temp2\OSU\templates\proj0\html\36733img1.gif <-- webwork /ww/webwork/courses/courses1/OSU-math152/templates/proj0/html 36733img1.gif
2001.06.07 11:32 B C:\temp2\OSU\templates\proj0\html\36733img10.gif <-- webwork /ww/webwork/courses/courses1/OSU-math152/templates/proj0/html 36733img10.gif
2001.06.07 11:32 B C:\temp2\OSU\templates\proj0\html\36733img11.gif <-- webwork /ww/webwork/courses/courses1/OSU-math152/templates/proj0/html 36733img11.gif
2001.06.07 11:32 B C:\temp2\OSU\templates\proj0\html\36733img12.gif <-- webwork /ww/webwork/courses/courses1/OSU-math152/templates/proj0/html 36733img12.gif
2001.06.07 11:32 B C:\temp2\OSU\templates\proj0\html\36733img2.gif <-- webwork /ww/webwork/courses/courses1/OSU-math152/templates/proj0/html 36733img2.gif
2001.06.07 11:32 B C:\temp2\OSU\templates\proj0\html\36733img3.gif <-- webwork /ww/webwork/courses/courses1/OSU-math152/templates/proj0/html 36733img3.gif
2001.06.07 11:32 B C:\temp2\OSU\templates\proj0\html\36733img4.gif <-- webwork /ww/webwork/courses/courses1/OSU-math152/templates/proj0/html 36733img4.gif
2001.06.07 11:33 B C:\temp2\OSU\templates\proj0\html\36733img5.gif <-- webwork /ww/webwork/courses/courses1/OSU-math152/templates/proj0/html 36733img5.gif
2001.06.07 11:33 B C:\temp2\OSU\templates\proj0\html\36733img6.gif <-- webwork /ww/webwork/courses/courses1/OSU-math152/templates/proj0/html 36733img6.gif
2001.06.07 11:33 B C:\temp2\OSU\templates\proj0\html\36733img7.gif <-- webwork /ww/webwork/courses/courses1/OSU-math152/templates/proj0/html 36733img7.gif
2001.06.07 11:33 B C:\temp2\OSU\templates\proj0\html\36733img8.gif <-- webwork /ww/webwork/courses/courses1/OSU-math152/templates/proj0/html 36733img8.gif
2001.06.07 11:33 B C:\temp2\OSU\templates\proj0\html\36733img9.gif <-- webwork /ww/webwork/courses/courses1/OSU-math152/templates/proj0/html 36733img9.gif
2001.06.07 11:33 B C:\temp2\OSU\templates\proj0\html\chart.gif <-- webwork /ww/webwork/courses/courses1/OSU-math152/templates/proj0/html chart.gif
2001.06.07 11:33 B C:\temp2\OSU\templates\proj0\html\delx.gif <-- webwork /ww/webwork/courses/courses1/OSU-math152/templates/proj0/html delx.gif
2001.06.07 11:33 B C:\temp2\OSU\templates\proj0\html\graph1.gif <-- webwork /ww/webwork/courses/courses1/OSU-math152/templates/proj0/html graph1.gif
2001.06.07 11:33 B C:\temp2\OSU\templates\proj0\html\graph2.gif <-- webwork /ww/webwork/courses/courses1/OSU-math152/templates/proj0/html graph2.gif
2001.06.07 11:33 B C:\temp2\OSU\templates\proj0\html\graph3.gif <-- webwork /ww/webwork/courses/courses1/OSU-math152/templates/proj0/html graph3.gif
2001.06.07 11:33 B C:\temp2\OSU\templates\proj0\html\graph4.gif <-- webwork /ww/webwork/courses/courses1/OSU-math152/templates/proj0/html graph4.gif
2001.06.07 11:33 B C:\temp2\OSU\templates\proj0\html\graph5.gif <-- webwork /ww/webwork/courses/courses1/OSU-math152/templates/proj0/html graph5.gif
2001.06.07 11:33 B C:\temp2\OSU\templates\proj0\html\graph6.gif <-- webwork /ww/webwork/courses/courses1/OSU-math152/templates/proj0/html graph6.gif
2001.06.07 11:33 B C:\temp2\OSU\templates\proj0\html\graph7.gif <-- webwork /ww/webwork/courses/courses1/OSU-math152/templates/proj0/html graph7.gif
2001.06.07 11:33 B C:\temp2\OSU\templates\proj0\html\graph8.gif <-- webwork /ww/webwork/courses/courses1/OSU-math152/templates/proj0/html graph8.gif
2001.06.07 11:33 B C:\temp2\OSU\templates\proj0\html\proj0g.htm <-- webwork /ww/webwork/courses/courses1/OSU-math152/templates/proj0/html proj0g.htm
2001.06.07 11:33 B C:\temp2\OSU\templates\proj0\html\proj0h.htm <-- webwork /ww/webwork/courses/courses1/OSU-math152/templates/proj0/html proj0h.htm
2001.06.07 11:33 B C:\temp2\OSU\templates\proj0\html\spread1.gif <-- webwork /ww/webwork/courses/courses1/OSU-math152/templates/proj0/html spread1.gif
2001.06.07 11:33 B C:\temp2\OSU\templates\proj0\html\spread2.gif <-- webwork /ww/webwork/courses/courses1/OSU-math152/templates/proj0/html spread2.gif
2001.06.07 11:33 B C:\temp2\OSU\templates\proj0\html\spread3.gif <-- webwork /ww/webwork/courses/courses1/OSU-math152/templates/proj0/html spread3.gif
2001.06.07 11:33 B C:\temp2\OSU\templates\proj0\html\table.gif <-- webwork /ww/webwork/courses/courses1/OSU-math152/templates/proj0/html table.gif
2001.06.07 11:46 B C:\temp2\OSU\templates\proj0\html\36733img1.gif --> webwork.math.rochester.edu /ww/webwork/courses/courses1/OSU-math152/templates/proj0/html 36733img1.gif
2001.06.07 11:46 B C:\temp2\OSU\templates\proj0\html\36733img10.gif --> webwork.math.rochester.edu /ww/webwork/courses/courses1/OSU-math152/templates/proj0/html 36733img10.gif
2001.06.07 11:46 B C:\temp2\OSU\templates\proj0\html\36733img11.gif --> webwork.math.rochester.edu /ww/webwork/courses/courses1/OSU-math152/templates/proj0/html 36733img11.gif
2001.06.07 11:46 B C:\temp2\OSU\templates\proj0\html\36733img12.gif --> webwork.math.rochester.edu /ww/webwork/courses/courses1/OSU-math152/templates/proj0/html 36733img12.gif
2001.06.07 11:46 B C:\temp2\OSU\templates\proj0\html\36733img2.gif --> webwork.math.rochester.edu /ww/webwork/courses/courses1/OSU-math152/templates/proj0/html 36733img2.gif
2001.06.07 11:46 B C:\temp2\OSU\templates\proj0\html\36733img3.gif --> webwork.math.rochester.edu /ww/webwork/courses/courses1/OSU-math152/templates/proj0/html 36733img3.gif
2001.06.07 11:46 B C:\temp2\OSU\templates\proj0\html\36733img4.gif --> webwork.math.rochester.edu /ww/webwork/courses/courses1/OSU-math152/templates/proj0/html 36733img4.gif
2001.06.07 11:46 B C:\temp2\OSU\templates\proj0\html\36733img5.gif --> webwork.math.rochester.edu /ww/webwork/courses/courses1/OSU-math152/templates/proj0/html 36733img5.gif
2001.06.07 11:46 B C:\temp2\OSU\templates\proj0\html\36733img6.gif --> webwork.math.rochester.edu /ww/webwork/courses/courses1/OSU-math152/templates/proj0/html 36733img6.gif
2001.06.07 11:46 B C:\temp2\OSU\templates\proj0\html\36733img7.gif --> webwork.math.rochester.edu /ww/webwork/courses/courses1/OSU-math152/templates/proj0/html 36733img7.gif
2001.06.07 11:46 B C:\temp2\OSU\templates\proj0\html\36733img8.gif --> webwork.math.rochester.edu /ww/webwork/courses/courses1/OSU-math152/templates/proj0/html 36733img8.gif
2001.06.07 11:46 B C:\temp2\OSU\templates\proj0\html\36733img9.gif --> webwork.math.rochester.edu /ww/webwork/courses/courses1/OSU-math152/templates/proj0/html 36733img9.gif
2001.06.07 11:46 B C:\temp2\OSU\templates\proj0\html\chart.gif --> webwork.math.rochester.edu /ww/webwork/courses/courses1/OSU-math152/templates/proj0/html chart.gif
2001.06.07 11:46 B C:\temp2\OSU\templates\proj0\html\delx.gif --> webwork.math.rochester.edu /ww/webwork/courses/courses1/OSU-math152/templates/proj0/html delx.gif
2001.06.07 11:46 B C:\temp2\OSU\templates\proj0\html\graph1.gif --> webwork.math.rochester.edu /ww/webwork/courses/courses1/OSU-math152/templates/proj0/html graph1.gif
2001.06.07 11:46 B C:\temp2\OSU\templates\proj0\html\graph2.gif --> webwork.math.rochester.edu /ww/webwork/courses/courses1/OSU-math152/templates/proj0/html graph2.gif
2001.06.07 11:46 B C:\temp2\OSU\templates\proj0\html\graph3.gif --> webwork.math.rochester.edu /ww/webwork/courses/courses1/OSU-math152/templates/proj0/html graph3.gif
2001.06.07 11:46 B C:\temp2\OSU\templates\proj0\html\graph4.gif --> webwork.math.rochester.edu /ww/webwork/courses/courses1/OSU-math152/templates/proj0/html graph4.gif
2001.06.07 11:46 B C:\temp2\OSU\templates\proj0\html\graph5.gif --> webwork.math.rochester.edu /ww/webwork/courses/courses1/OSU-math152/templates/proj0/html graph5.gif
2001.06.07 11:46 B C:\temp2\OSU\templates\proj0\html\graph6.gif --> webwork.math.rochester.edu /ww/webwork/courses/courses1/OSU-math152/templates/proj0/html graph6.gif
2001.06.07 11:46 B C:\temp2\OSU\templates\proj0\html\graph7.gif --> webwork.math.rochester.edu /ww/webwork/courses/courses1/OSU-math152/templates/proj0/html graph7.gif
2001.06.07 11:46 B C:\temp2\OSU\templates\proj0\html\graph8.gif --> webwork.math.rochester.edu /ww/webwork/courses/courses1/OSU-math152/templates/proj0/html graph8.gif
2001.06.07 11:46 B C:\temp2\OSU\templates\proj0\html\proj0g.htm --> webwork.math.rochester.edu /ww/webwork/courses/courses1/OSU-math152/templates/proj0/html proj0g.htm
2001.06.07 11:46 B C:\temp2\OSU\templates\proj0\html\proj0h.htm --> webwork.math.rochester.edu /ww/webwork/courses/courses1/OSU-math152/templates/proj0/html proj0h.htm
2001.06.07 11:46 B C:\temp2\OSU\templates\proj0\html\spread1.gif --> webwork.math.rochester.edu /ww/webwork/courses/courses1/OSU-math152/templates/proj0/html spread1.gif
2001.06.07 11:46 B C:\temp2\OSU\templates\proj0\html\spread2.gif --> webwork.math.rochester.edu /ww/webwork/courses/courses1/OSU-math152/templates/proj0/html spread2.gif
2001.06.07 11:46 B C:\temp2\OSU\templates\proj0\html\spread3.gif --> webwork.math.rochester.edu /ww/webwork/courses/courses1/OSU-math152/templates/proj0/html spread3.gif
2001.06.07 11:46 B C:\temp2\OSU\templates\proj0\html\table.gif --> webwork.math.rochester.edu /ww/webwork/courses/courses1/OSU-math152/templates/proj0/html table.gif
2001.06.07 11:46 B C:\temp2\OSU\templates\proj0\html\WS_FTP.LOG --> webwork.math.rochester.edu /ww/webwork/courses/courses1/OSU-math152/templates/proj0/html WS_FTP.LOG
2001.06.07 11:49 B C:\temp2\OSU\templates\proj0\html\36733img1.gif --> webwork.math.rochester.edu /ww/webwork/courses/courses1/OSU-math152/templates/proj0/html 36733img1.gif
2001.06.07 11:49 B C:\temp2\OSU\templates\proj0\html\36733img10.gif --> webwork.math.rochester.edu /ww/webwork/courses/courses1/OSU-math152/templates/proj0/html 36733img10.gif
2001.06.07 11:49 B C:\temp2\OSU\templates\proj0\html\36733img11.gif --> webwork.math.rochester.edu /ww/webwork/courses/courses1/OSU-math152/templates/proj0/html 36733img11.gif
2001.06.07 11:49 B C:\temp2\OSU\templates\proj0\html\36733img12.gif --> webwork.math.rochester.edu /ww/webwork/courses/courses1/OSU-math152/templates/proj0/html 36733img12.gif
2001.06.07 11:49 B C:\temp2\OSU\templates\proj0\html\36733img2.gif --> webwork.math.rochester.edu /ww/webwork/courses/courses1/OSU-math152/templates/proj0/html 36733img2.gif
2001.06.07 11:49 B C:\temp2\OSU\templates\proj0\html\36733img3.gif --> webwork.math.rochester.edu /ww/webwork/courses/courses1/OSU-math152/templates/proj0/html 36733img3.gif
2001.06.07 11:49 B C:\temp2\OSU\templates\proj0\html\36733img4.gif --> webwork.math.rochester.edu /ww/webwork/courses/courses1/OSU-math152/templates/proj0/html 36733img4.gif
2001.06.07 11:49 B C:\temp2\OSU\templates\proj0\html\36733img5.gif --> webwork.math.rochester.edu /ww/webwork/courses/courses1/OSU-math152/templates/proj0/html 36733img5.gif
2001.06.07 11:49 B C:\temp2\OSU\templates\proj0\html\36733img6.gif --> webwork.math.rochester.edu /ww/webwork/courses/courses1/OSU-math152/templates/proj0/html 36733img6.gif
2001.06.07 11:49 B C:\temp2\OSU\templates\proj0\html\36733img7.gif --> webwork.math.rochester.edu /ww/webwork/courses/courses1/OSU-math152/templates/proj0/html 36733img7.gif
2001.06.07 11:49 B C:\temp2\OSU\templates\proj0\html\36733img8.gif --> webwork.math.rochester.edu /ww/webwork/courses/courses1/OSU-math152/templates/proj0/html 36733img8.gif
2001.06.07 11:49 B C:\temp2\OSU\templates\proj0\html\36733img9.gif --> webwork.math.rochester.edu /ww/webwork/courses/courses1/OSU-math152/templates/proj0/html 36733img9.gif
2001.06.07 11:49 B C:\temp2\OSU\templates\proj0\html\chart.gif --> webwork.math.rochester.edu /ww/webwork/courses/courses1/OSU-math152/templates/proj0/html chart.gif
2001.06.07 11:49 B C:\temp2\OSU\templates\proj0\html\delx.gif --> webwork.math.rochester.edu /ww/webwork/courses/courses1/OSU-math152/templates/proj0/html delx.gif
2001.06.07 11:49 B C:\temp2\OSU\templates\proj0\html\graph1.gif --> webwork.math.rochester.edu /ww/webwork/courses/courses1/OSU-math152/templates/proj0/html graph1.gif
2001.06.07 11:49 B C:\temp2\OSU\templates\proj0\html\graph2.gif --> webwork.math.rochester.edu /ww/webwork/courses/courses1/OSU-math152/templates/proj0/html graph2.gif
2001.06.07 11:49 B C:\temp2\OSU\templates\proj0\html\graph3.gif --> webwork.math.rochester.edu /ww/webwork/courses/courses1/OSU-math152/templates/proj0/html graph3.gif
2001.06.07 11:49 B C:\temp2\OSU\templates\proj0\html\graph4.gif --> webwork.math.rochester.edu /ww/webwork/courses/courses1/OSU-math152/templates/proj0/html graph4.gif
2001.06.07 11:49 B C:\temp2\OSU\templates\proj0\html\graph5.gif --> webwork.math.rochester.edu /ww/webwork/courses/courses1/OSU-math152/templates/proj0/html graph5.gif
2001.06.07 11:49 B C:\temp2\OSU\templates\proj0\html\graph6.gif --> webwork.math.rochester.edu /ww/webwork/courses/courses1/OSU-math152/templates/proj0/html graph6.gif
2001.06.07 11:49 B C:\temp2\OSU\templates\proj0\html\graph7.gif --> webwork.math.rochester.edu /ww/webwork/courses/courses1/OSU-math152/templates/proj0/html graph7.gif
2001.06.07 11:49 B C:\temp2\OSU\templates\proj0\html\graph8.gif --> webwork.math.rochester.edu /ww/webwork/courses/courses1/OSU-math152/templates/proj0/html graph8.gif
2001.06.07 11:49 B C:\temp2\OSU\templates\proj0\html\proj0g.htm --> webwork.math.rochester.edu /ww/webwork/courses/courses1/OSU-math152/templates/proj0/html proj0g.htm
2001.06.07 11:49 B C:\temp2\OSU\templates\proj0\html\proj0h.htm --> webwork.math.rochester.edu /ww/webwork/courses/courses1/OSU-math152/templates/proj0/html proj0h.htm
2001.06.07 11:49 B C:\temp2\OSU\templates\proj0\html\spread1.gif --> webwork.math.rochester.edu /ww/webwork/courses/courses1/OSU-math152/templates/proj0/html spread1.gif
2001.06.07 11:49 B C:\temp2\OSU\templates\proj0\html\spread2.gif --> webwork.math.rochester.edu /ww/webwork/courses/courses1/OSU-math152/templates/proj0/html spread2.gif
2001.06.07 11:49 B C:\temp2\OSU\templates\proj0\html\spread3.gif --> webwork.math.rochester.edu /ww/webwork/courses/courses1/OSU-math152/templates/proj0/html spread3.gif
2001.06.07 11:49 B C:\temp2\OSU\templates\proj0\html\table.gif --> webwork.math.rochester.edu /ww/webwork/courses/courses1/OSU-math152/templates/proj0/html table.gif
2001.06.07 11:49 B C:\temp2\OSU\templates\proj0\html\WS_FTP.LOG --> webwork.math.rochester.edu /ww/webwork/courses/courses1/OSU-math152/templates/proj0/html WS_FTP.LOG
2001.06.07 12:00 B C:\temp2\OSU\templates\proj0\html\36733img1.gif --> webwork.math.rochester.edu /ww/webwork/courses/courses1/OSU-math152/templates/proj0/html 36733img1.gif
2001.06.07 12:00 B C:\temp2\OSU\templates\proj0\html\36733img10.gif --> webwork.math.rochester.edu /ww/webwork/courses/courses1/OSU-math152/templates/proj0/html 36733img10.gif
2001.06.07 12:00 B C:\temp2\OSU\templates\proj0\html\36733img11.gif --> webwork.math.rochester.edu /ww/webwork/courses/courses1/OSU-math152/templates/proj0/html 36733img11.gif
2001.06.07 12:00 B C:\temp2\OSU\templates\proj0\html\36733img12.gif --> webwork.math.rochester.edu /ww/webwork/courses/courses1/OSU-math152/templates/proj0/html 36733img12.gif
2001.06.07 12:00 B C:\temp2\OSU\templates\proj0\html\36733img2.gif --> webwork.math.rochester.edu /ww/webwork/courses/courses1/OSU-math152/templates/proj0/html 36733img2.gif
2001.06.07 12:00 B C:\temp2\OSU\templates\proj0\html\36733img3.gif --> webwork.math.rochester.edu /ww/webwork/courses/courses1/OSU-math152/templates/proj0/html 36733img3.gif
2001.06.07 12:00 B C:\temp2\OSU\templates\proj0\html\36733img4.gif --> webwork.math.rochester.edu /ww/webwork/courses/courses1/OSU-math152/templates/proj0/html 36733img4.gif
2001.06.07 12:00 B C:\temp2\OSU\templates\proj0\html\36733img5.gif --> webwork.math.rochester.edu /ww/webwork/courses/courses1/OSU-math152/templates/proj0/html 36733img5.gif
2001.06.07 12:00 B C:\temp2\OSU\templates\proj0\html\36733img6.gif --> webwork.math.rochester.edu /ww/webwork/courses/courses1/OSU-math152/templates/proj0/html 36733img6.gif
2001.06.07 12:00 B C:\temp2\OSU\templates\proj0\html\36733img7.gif --> webwork.math.rochester.edu /ww/webwork/courses/courses1/OSU-math152/templates/proj0/html 36733img7.gif
2001.06.07 12:00 B C:\temp2\OSU\templates\proj0\html\36733img8.gif --> webwork.math.rochester.edu /ww/webwork/courses/courses1/OSU-math152/templates/proj0/html 36733img8.gif
2001.06.07 12:00 B C:\temp2\OSU\templates\proj0\html\36733img9.gif --> webwork.math.rochester.edu /ww/webwork/courses/courses1/OSU-math152/templates/proj0/html 36733img9.gif
2001.06.07 12:00 B C:\temp2\OSU\templates\proj0\html\chart.gif --> webwork.math.rochester.edu /ww/webwork/courses/courses1/OSU-math152/templates/proj0/html chart.gif
2001.06.07 12:00 B C:\temp2\OSU\templates\proj0\html\delx.gif --> webwork.math.rochester.edu /ww/webwork/courses/courses1/OSU-math152/templates/proj0/html delx.gif
2001.06.07 12:00 B C:\temp2\OSU\templates\proj0\html\graph1.gif --> webwork.math.rochester.edu /ww/webwork/courses/courses1/OSU-math152/templates/proj0/html graph1.gif
2001.06.07 12:00 B C:\temp2\OSU\templates\proj0\html\graph2.gif --> webwork.math.rochester.edu /ww/webwork/courses/courses1/OSU-math152/templates/proj0/html graph2.gif
2001.06.07 12:00 B C:\temp2\OSU\templates\proj0\html\graph3.gif --> webwork.math.rochester.edu /ww/webwork/courses/courses1/OSU-math152/templates/proj0/html graph3.gif
2001.06.07 12:00 B C:\temp2\OSU\templates\proj0\html\graph4.gif --> webwork.math.rochester.edu /ww/webwork/courses/courses1/OSU-math152/templates/proj0/html graph4.gif
2001.06.07 12:00 B C:\temp2\OSU\templates\proj0\html\graph5.gif --> webwork.math.rochester.edu /ww/webwork/courses/courses1/OSU-math152/templates/proj0/html graph5.gif
2001.06.07 12:00 B C:\temp2\OSU\templates\proj0\html\graph6.gif --> webwork.math.rochester.edu /ww/webwork/courses/courses1/OSU-math152/templates/proj0/html graph6.gif
2001.06.07 12:00 B C:\temp2\OSU\templates\proj0\html\graph7.gif --> webwork.math.rochester.edu /ww/webwork/courses/courses1/OSU-math152/templates/proj0/html graph7.gif
2001.06.07 12:00 B C:\temp2\OSU\templates\proj0\html\graph8.gif --> webwork.math.rochester.edu /ww/webwork/courses/courses1/OSU-math152/templates/proj0/html graph8.gif
2001.06.07 12:00 B C:\temp2\OSU\templates\proj0\html\proj0g.htm --> webwork.math.rochester.edu /ww/webwork/courses/courses1/OSU-math152/templates/proj0/html proj0g.htm
2001.06.07 12:00 B C:\temp2\OSU\templates\proj0\html\proj0h.htm --> webwork.math.rochester.edu /ww/webwork/courses/courses1/OSU-math152/templates/proj0/html proj0h.htm
2001.06.07 12:00 B C:\temp2\OSU\templates\proj0\html\spread1.gif --> webwork.math.rochester.edu /ww/webwork/courses/courses1/OSU-math152/templates/proj0/html spread1.gif
2001.06.07 12:00 B C:\temp2\OSU\templates\proj0\html\spread2.gif --> webwork.math.rochester.edu /ww/webwork/courses/courses1/OSU-math152/templates/proj0/html spread2.gif
2001.06.07 12:00 B C:\temp2\OSU\templates\proj0\html\spread3.gif --> webwork.math.rochester.edu /ww/webwork/courses/courses1/OSU-math152/templates/proj0/html spread3.gif
2001.06.07 12:00 B C:\temp2\OSU\templates\proj0\html\table.gif --> webwork.math.rochester.edu /ww/webwork/courses/courses1/OSU-math152/templates/proj0/html table.gif
