Perltidy version is 20240903

<stdin>: Begin Error Output Stream

37: [``` T = 165x+2771, ```]
     --^
found String where operator expected (previous token underlined)

37: [``` T = 165x+2771, ```]
       ------------------^
found String where operator expected (previous token underlined)

39: year ending _x_ years after 1996.  Use the formula to determine  ...
                                -----  ^
found bareword where operator expected (previous token underlined)

There is no previous '[' to match a ']' on line 40
40: ... ublic U.S. colleges average $[$money].
                                            ^

42: ...  you calculate that the answer is 9 years
                                          - ^
found bareword where operator expected (previous token underlined)

45: Answer: [_]{$year}
    ^
found bareword where operator expected

Missing ';' or ',' above?

50: [``` [$money] = 165 x + 2771 ```]
     --^
found String where operator expected (previous token underlined)

There is no previous '[' to match a ']' on line 57
57: ... the average tuition reached $[$money] is [$year].
                                            ^
59: To save a full .LOG file rerun with -g
