Perltidy version is 20240903

<stdin>: Begin Error Output Stream

There is no previous '[' to match a ']' on line 66
66: ... soline per hour if it charges $[$pp2] per gallon but only [$tota ...
                                            ^

66: ... line per hour if it charges $[$pp2] per gallon but only [$total2 ...
                                          - ^
found bareword where operator expected (previous token underlined)

There is no previous '[' to match a ']' on line 66
66: ... allons per hour if it charges $[$pp1] per gallon. Assuming a lin ...
                                            ^

66: ... lons per hour if it charges $[$pp1] per gallon. Assuming a linea ...
                                          - ^
found bareword where operator expected (previous token underlined)

There is no previous '(' to match a ')' on line 69
69: a) How many gallons would be sold per hour of the price is $[$np ...
     ^

69: a) How many gallons would be sold per hour of the price is $[$np ...
     - ^
found bareword where operator expected (previous token underlined)

There is no previous '[' to match a ']' on line 69
69: ... sold per hour of the price is $[$npp] per gallon?
                                            ^

69: ... ld per hour of the price is $[$npp] per gallon?
                                          - ^
found bareword where operator expected (previous token underlined)

There is no previous '(' to match a ')' on line 73
73: b) What must the gasoline price be in order to sell [$total3] ga ...
     ^

73: b) What must the gasoline price be in order to sell [$total3] ga ...
     - ^
found bareword where operator expected (previous token underlined)

75: $[_]{$ans2}
    --^
found bareword where operator expected (previous token underlined)

There is no previous '[' to match a ']' on line 75
75: $[_]{$ans2}
       ^

Missing ';' or ',' above?
No further warnings will be given
